# JRE version: OpenJDK Runtime Environment (8.0_212-b04) (build 1.8.0_212-release-1586-b04)
# Java VM: OpenJDK 64-Bit Server VM (25.212-b04 mixed mode windows-amd64 compressed oops)
Heap:
 PSYoungGen      total 437248K, used 324688K [0x00000000e0000000, 0x0000000100000000, 0x0000000100000000)
  eden space 382464K, 70% used [0x00000000e0000000,0x00000000f0798188,0x00000000f7580000)
  from space 54784K, 99% used [0x00000000f7580000,0x00000000faafc170,0x00000000fab00000)
  to   space 65024K, 0% used [0x00000000fc080000,0x00000000fc080000,0x0000000100000000)
 ParOldGen       total 444928K, used 82338K [0x00000000a0000000, 0x00000000bb280000, 0x00000000e0000000)
  object space 444928K, 18% used [0x00000000a0000000,0x00000000a5068b18,0x00000000bb280000)
 Metaspace       used 78122K, capacity 84222K, committed 84568K, reserved 1122304K
  class space    used 10406K, capacity 11819K, committed 11904K, reserved 1048576K
GC Heap History (10 events):
Event: 9.135 GC heap before
{Heap before GC invocations=8 (full 2):
 PSYoungGen      total 233472K, used 180093K [0x00000000e0000000, 0x00000000f5a00000, 0x0000000100000000)
  eden space 211968K, 74% used [0x00000000e0000000,0x00000000e9ae05d8,0x00000000ecf00000)
  from space 21504K, 99% used [0x00000000ecf00000,0x00000000ee3feec8,0x00000000ee400000)
  to   space 21504K, 0% used [0x00000000f4500000,0x00000000f4500000,0x00000000f5a00000)
 ParOldGen       total 301056K, used 20181K [0x00000000a0000000, 0x00000000b2600000, 0x00000000e0000000)
  object space 301056K, 6% used [0x00000000a0000000,0x00000000a13b56f8,0x00000000b2600000)
 Metaspace       used 56955K, capacity 58898K, committed 59028K, reserved 1099776K
  class space    used 7667K, capacity 8237K, committed 8320K, reserved 1048576K
Event: 9.158 GC heap after
Heap after GC invocations=8 (full 2):
 PSYoungGen      total 326144K, used 21478K [0x00000000e0000000, 0x00000000f6c00000, 0x0000000100000000)
  eden space 304640K, 0% used [0x00000000e0000000,0x00000000e0000000,0x00000000f2980000)
  from space 21504K, 99% used [0x00000000f4500000,0x00000000f59f9b50,0x00000000f5a00000)
  to   space 28160K, 0% used [0x00000000f2980000,0x00000000f2980000,0x00000000f4500000)
 ParOldGen       total 301056K, used 27327K [0x00000000a0000000, 0x00000000b2600000, 0x00000000e0000000)
  object space 301056K, 9% used [0x00000000a0000000,0x00000000a1aafd08,0x00000000b2600000)
 Metaspace       used 56955K, capacity 58898K, committed 59028K, reserved 1099776K
  class space    used 7667K, capacity 8237K, committed 8320K, reserved 1048576K
}
Event: 9.158 GC heap before
{Heap before GC invocations=9 (full 3):
 PSYoungGen      total 326144K, used 21478K [0x00000000e0000000, 0x00000000f6c00000, 0x0000000100000000)
  eden space 304640K, 0% used [0x00000000e0000000,0x00000000e0000000,0x00000000f2980000)
  from space 21504K, 99% used [0x00000000f4500000,0x00000000f59f9b50,0x00000000f5a00000)
  to   space 28160K, 0% used [0x00000000f2980000,0x00000000f2980000,0x00000000f4500000)
 ParOldGen       total 301056K, used 27327K [0x00000000a0000000, 0x00000000b2600000, 0x00000000e0000000)
  object space 301056K, 9% used [0x00000000a0000000,0x00000000a1aafd08,0x00000000b2600000)
 Metaspace       used 56955K, capacity 58898K, committed 59028K, reserved 1099776K
  class space    used 7667K, capacity 8237K, committed 8320K, reserved 1048576K
Event: 9.356 GC heap after
Heap after GC invocations=9 (full 3):
 PSYoungGen      total 326144K, used 0K [0x00000000e0000000, 0x00000000f6c00000, 0x0000000100000000)
  eden space 304640K, 0% used [0x00000000e0000000,0x00000000e0000000,0x00000000f2980000)
  from space 21504K, 0% used [0x00000000f4500000,0x00000000f4500000,0x00000000f5a00000)
  to   space 28160K, 0% used [0x00000000f2980000,0x00000000f2980000,0x00000000f4500000)
 ParOldGen       total 444928K, used 43079K [0x00000000a0000000, 0x00000000bb280000, 0x00000000e0000000)
  object space 444928K, 9% used [0x00000000a0000000,0x00000000a2a11c60,0x00000000bb280000)
 Metaspace       used 56955K, capacity 58898K, committed 59028K, reserved 1099776K
  class space    used 7667K, capacity 8237K, committed 8320K, reserved 1048576K
}
Event: 12.373 GC heap before
{Heap before GC invocations=10 (full 3):
 PSYoungGen      total 326144K, used 304640K [0x00000000e0000000, 0x00000000f6c00000, 0x0000000100000000)
  eden space 304640K, 100% used [0x00000000e0000000,0x00000000f2980000,0x00000000f2980000)
  from space 21504K, 0% used [0x00000000f4500000,0x00000000f4500000,0x00000000f5a00000)
  to   space 28160K, 0% used [0x00000000f2980000,0x00000000f2980000,0x00000000f4500000)
 ParOldGen       total 444928K, used 43079K [0x00000000a0000000, 0x00000000bb280000, 0x00000000e0000000)
  object space 444928K, 9% used [0x00000000a0000000,0x00000000a2a11c60,0x00000000bb280000)
 Metaspace       used 65667K, capacity 70088K, committed 70360K, reserved 1110016K
  class space    used 8964K, capacity 10142K, committed 10240K, reserved 1048576K
Event: 12.401 GC heap after
Heap after GC invocations=10 (full 3):
 PSYoungGen      total 332800K, used 28128K [0x00000000e0000000, 0x00000000fd100000, 0x0000000100000000)
  eden space 304640K, 0% used [0x00000000e0000000,0x00000000e0000000,0x00000000f2980000)
  from space 28160K, 99% used [0x00000000f2980000,0x00000000f44f8020,0x00000000f4500000)
  to   space 38912K, 0% used [0x00000000fab00000,0x00000000fab00000,0x00000000fd100000)
 ParOldGen       total 444928K, used 56376K [0x00000000a0000000, 0x00000000bb280000, 0x00000000e0000000)
  object space 444928K, 12% used [0x00000000a0000000,0x00000000a370e1c0,0x00000000bb280000)
 Metaspace       used 65667K, capacity 70088K, committed 70360K, reserved 1110016K
  class space    used 8964K, capacity 10142K, committed 10240K, reserved 1048576K
}
Event: 14.946 GC heap before
{Heap before GC invocations=11 (full 3):
 PSYoungGen      total 332800K, used 332768K [0x00000000e0000000, 0x00000000fd100000, 0x0000000100000000)
  eden space 304640K, 100% used [0x00000000e0000000,0x00000000f2980000,0x00000000f2980000)
  from space 28160K, 99% used [0x00000000f2980000,0x00000000f44f8020,0x00000000f4500000)
  to   space 38912K, 0% used [0x00000000fab00000,0x00000000fab00000,0x00000000fd100000)
 ParOldGen       total 444928K, used 56376K [0x00000000a0000000, 0x00000000bb280000, 0x00000000e0000000)
  object space 444928K, 12% used [0x00000000a0000000,0x00000000a370e1c0,0x00000000bb280000)
 Metaspace       used 70358K, capacity 75902K, committed 76248K, reserved 1114112K
  class space    used 9592K, capacity 10889K, committed 11008K, reserved 1048576K
Event: 14.992 GC heap after
Heap after GC invocations=11 (full 3):
 PSYoungGen      total 421376K, used 38900K [0x00000000e0000000, 0x00000000ff880000, 0x0000000100000000)
  eden space 382464K, 0% used [0x00000000e0000000,0x00000000e0000000,0x00000000f7580000)
  from space 38912K, 99% used [0x00000000fab00000,0x00000000fd0fd030,0x00000000fd100000)
  to   space 54784K, 0% used [0x00000000f7580000,0x00000000f7580000,0x00000000fab00000)
 ParOldGen       total 444928K, used 78458K [0x00000000a0000000, 0x00000000bb280000, 0x00000000e0000000)
  object space 444928K, 17% used [0x00000000a0000000,0x00000000a4c9e9a8,0x00000000bb280000)
 Metaspace       used 70358K, capacity 75902K, committed 76248K, reserved 1114112K
  class space    used 9592K, capacity 10889K, committed 11008K, reserved 1048576K
}
Event: 16.680 GC heap before
{Heap before GC invocations=12 (full 3):
 PSYoungGen      total 421376K, used 421364K [0x00000000e0000000, 0x00000000ff880000, 0x0000000100000000)
  eden space 382464K, 100% used [0x00000000e0000000,0x00000000f7580000,0x00000000f7580000)
  from space 38912K, 99% used [0x00000000fab00000,0x00000000fd0fd030,0x00000000fd100000)
  to   space 54784K, 0% used [0x00000000f7580000,0x00000000f7580000,0x00000000fab00000)
 ParOldGen       total 444928K, used 78458K [0x00000000a0000000, 0x00000000bb280000, 0x00000000e0000000)
  object space 444928K, 17% used [0x00000000a0000000,0x00000000a4c9e9a8,0x00000000bb280000)
 Metaspace       used 74360K, capacity 80212K, committed 80344K, reserved 1118208K
  class space    used 10138K, capacity 11512K, committed 11520K, reserved 1048576K
Event: 16.723 GC heap after
Heap after GC invocations=12 (full 3):
 PSYoungGen      total 437248K, used 54768K [0x00000000e0000000, 0x0000000100000000, 0x0000000100000000)
  eden space 382464K, 0% used [0x00000000e0000000,0x00000000e0000000,0x00000000f7580000)
  from space 54784K, 99% used [0x00000000f7580000,0x00000000faafc170,0x00000000fab00000)
  to   space 65024K, 0% used [0x00000000fc080000,0x00000000fc080000,0x0000000100000000)
 ParOldGen       total 444928K, used 82338K [0x00000000a0000000, 0x00000000bb280000, 0x00000000e0000000)
  object space 444928K, 18% used [0x00000000a0000000,0x00000000a5068b18,0x00000000bb280000)
 Metaspace       used 74360K, capacity 80212K, committed 80344K, reserved 1118208K
  class space    used 10138K, capacity 11512K, committed 11520K, reserved 1048576K
}

